p11-kit: couldn't load module: /usr/lib/i386-linux-gnu/pkcs11/p11-kit-trust.so: /usr/lib/i386-linux-gnu/pkcs11/p11-kit-trust.so: cannot open shared object file: No such file or directory
p11-kit: couldn't load module: /usr/lib/i386-linux-gnu/pkcs11/gnome-keyring-pkcs11.so: /usr/lib/i386-linux-gnu/pkcs11/gnome-keyring-pkcs11.so: cannot open shared object file: No such file or directory
GetDomainXmlFromCSCXml, Version=1, SigLen=278, ContentLen=4768
Version1 Verify Start.
Verify OK.
VerifyCSCContent_V1, Verify OK !!!.
init server success 127.0.0.1 12291
p11-kit: couldn't load module: /usr/lib/i386-linux-gnu/pkcs11/p11-kit-trust.so: /usr/lib/i386-linux-gnu/pkcs11/p11-kit-trust.so: cannot open shared object file: No such file or directory
p11-kit: couldn't load module: /usr/lib/i386-linux-gnu/pkcs11/gnome-keyring-pkcs11.so: /usr/lib/i386-linux-gnu/pkcs11/gnome-keyring-pkcs11.so: cannot open shared object file: No such file or directory
Application tried to create a window, but no driver could be loaded.
The explorer process failed to start.
p11-kit: couldn't load module: /usr/lib/i386-linux-gnu/pkcs11/p11-kit-trust.so: /usr/lib/i386-linux-gnu/pkcs11/p11-kit-trust.so: cannot open shared object file: No such file or directory
p11-kit: couldn't load module: /usr/lib/i386-linux-gnu/pkcs11/gnome-keyring-pkcs11.so: /usr/lib/i386-linux-gnu/pkcs11/gnome-keyring-pkcs11.so: cannot open shared object file: No such file or directory
init server success 127.0.0.1 12291
p11-kit: couldn't load module: /usr/lib/i386-linux-gnu/pkcs11/p11-kit-trust.so: /usr/lib/i386-linux-gnu/pkcs11/p11-kit-trust.so: cannot open shared object file: No such file or directory
p11-kit: couldn't load module: /usr/lib/i386-linux-gnu/pkcs11/gnome-keyring-pkcs11.so: /usr/lib/i386-linux-gnu/pkcs11/gnome-keyring-pkcs11.so: cannot open shared object file: No such file or directory
[1228/185115:ERROR:network_change_notifier_win.cc(160)] WSALookupServiceBegin failed with: 8
[1228/185115:ERROR:gpu_info_collector_win.cc(102)] Can't retrieve a valid WinSAT assessment.
[1228/185115:ERROR:network_change_notifier_win.cc(160)] WSALookupServiceBegin failed with: 8
p11-kit: couldn't load module: /usr/lib/i386-linux-gnu/pkcs11/p11-kit-trust.so: /usr/lib/i386-linux-gnu/pkcs11/p11-kit-trust.so: cannot open shared object file: No such file or directory
p11-kit: couldn't load module: /usr/lib/i386-linux-gnu/pkcs11/gnome-keyring-pkcs11.so: /usr/lib/i386-linux-gnu/pkcs11/gnome-keyring-pkcs11.so: cannot open shared object file: No such file or directory
[1228/185116:ERROR:network_change_notifier_win.cc(160)] WSALookupServiceBegin failed with: 8
[1228/185118:ERROR:content_client.cc(123)] No data resource available for id 4700
[1228/185124:ERROR:network_change_notifier_win.cc(160)] WSALookupServiceBegin failed with: 8
[1228/185202:ERROR:nss_util.cc(204)] PR_Cleanup failed; was NSPR initialized on wrong thread?
p11-kit: couldn't load module: /usr/lib/i386-linux-gnu/pkcs11/p11-kit-trust.so: /usr/lib/i386-linux-gnu/pkcs11/p11-kit-trust.so: cannot open shared object file: No such file or directory
p11-kit: couldn't load module: /usr/lib/i386-linux-gnu/pkcs11/gnome-keyring-pkcs11.so: /usr/lib/i386-linux-gnu/pkcs11/gnome-keyring-pkcs11.so: cannot open shared object file: No such file or directory
[1228/185553:ERROR:network_change_notifier_win.cc(160)] WSALookupServiceBegin failed with: 8
[1228/185553:ERROR:gpu_info_collector_win.cc(102)] Can't retrieve a valid WinSAT assessment.
[1228/185553:ERROR:network_change_notifier_win.cc(160)] WSALookupServiceBegin failed with: 8
p11-kit: couldn't load module: /usr/lib/i386-linux-gnu/pkcs11/p11-kit-trust.so: /usr/lib/i386-linux-gnu/pkcs11/p11-kit-trust.so: cannot open shared object file: No such file or directory
p11-kit: couldn't load module: /usr/lib/i386-linux-gnu/pkcs11/gnome-keyring-pkcs11.so: /usr/lib/i386-linux-gnu/pkcs11/gnome-keyring-pkcs11.so: cannot open shared object file: No such file or directory
[1228/185559:ERROR:nss_util.cc(204)] PR_Cleanup failed; was NSPR initialized on wrong thread?
XIO:  fatal IO error 11 (Resource temporarily unavailable) on X server ":0"
      after 887 requests (887 known processed) with 0 events remaining.
XIO:  fatal IO error 11 (Resource temporarily unavailable) on X server ":0"
      after 67 requests (67 known processed) with 0 events remaining.
XIO:  fatal IO error 11 (Resource temporarily unavailable) on X server ":0"
      after 71 requests (71 known processed) with 0 events remaining.
